<?xml version="1.0" encoding="UTF-8"?>
<!-- Generated by org.testng.reporters.JUnitReportReporter -->
<testsuite hostname="INLEN8520074590" failures="0" tests="3" name="testrunner.LandingPage_TestRunner" time="67.081" errors="0" timestamp="2023-06-06T13:08:12 IST" skipped="0">
  <testcase classname="testrunner.LandingPage_TestRunner" name="runScenario" time="10.100"/>
  <system-out/>
  <testcase classname="testrunner.LandingPage_TestRunner" name="runScenario" time="45.437"/>
  <system-out/>
  <testcase classname="testrunner.LandingPage_TestRunner" name="runScenario" time="11.544"/>
  <system-out/>
</testsuite> <!-- testrunner.LandingPage_TestRunner -->
