<?xml version="1.0" encoding="UTF-8"?>
<!-- Generated by org.testng.reporters.JUnitReportReporter -->
<testsuite hostname="INLEN8520074590" failures="0" tests="3" name="testrunner.ContactUsPage_TestRunner_1" time="64.385" errors="0" timestamp="2023-06-08T14:26:11 IST" skipped="0">
  <testcase classname="testrunner.ContactUsPage_TestRunner_1" name="runScenario" time="44.563"/>
  <system-out/>
  <testcase classname="testrunner.ContactUsPage_TestRunner_1" name="runScenario" time="9.874"/>
  <system-out/>
  <testcase classname="testrunner.ContactUsPage_TestRunner_1" name="runScenario" time="9.948"/>
  <system-out/>
</testsuite> <!-- testrunner.ContactUsPage_TestRunner_1 -->
