<?xml version="1.0" encoding="UTF-8"?>
<!-- Generated by org.testng.reporters.JUnitReportReporter -->
<testsuite hostname="INLEN8520074590" failures="0" tests="2" name="testrunner.ContactUsPage_TestRunner_2" time="98.976" errors="0" timestamp="2023-06-08T14:26:11 IST" skipped="0">
  <testcase classname="testrunner.ContactUsPage_TestRunner_2" name="runScenario" time="50.478"/>
  <system-out/>
  <testcase classname="testrunner.ContactUsPage_TestRunner_2" name="runScenario" time="48.498"/>
  <system-out/>
</testsuite> <!-- testrunner.ContactUsPage_TestRunner_2 -->
