<?xml version="1.0" encoding="UTF-8"?>
<!-- Generated by org.testng.reporters.JUnitReportReporter -->
<testsuite hostname="INLEN8520074590" failures="0" tests="1" name="testrunner.ContactUsPage_TestRunner_3" time="46.776" errors="0" timestamp="2023-06-08T14:26:11 IST" skipped="0">
  <testcase classname="testrunner.ContactUsPage_TestRunner_3" name="runScenario" time="46.776"/>
  <system-out/>
</testsuite> <!-- testrunner.ContactUsPage_TestRunner_3 -->
