<?xml version="1.0" encoding="UTF-8"?>
<!-- Generated by org.testng.reporters.JUnitReportReporter -->
<testsuite hostname="INLEN8520074590" failures="0" tests="2" name="testrunner.LandingPage_TestRunner_2" time="137.158" errors="0" timestamp="2023-06-06T08:28:26 IST" skipped="0">
  <testcase classname="testrunner.LandingPage_TestRunner_2" name="runScenario" time="70.100"/>
  <system-out/>
  <testcase classname="testrunner.LandingPage_TestRunner_2" name="runScenario" time="67.058"/>
  <system-out/>
</testsuite> <!-- testrunner.LandingPage_TestRunner_2 -->
